<?xml version="1.0" encoding="utf-8"?><testsuites name="pytest tests"><testsuite name="pytest" errors="0" failures="2" skipped="0" tests="21" time="8.676" timestamp="2026-02-18T19:50:41.862899+00:00" hostname="agent-env-58880b90-dd61-4742-83de-99eb9eb3f6f5"><testcase classname="backend.tests.test_gocast_api.TestHealthAndRoot" name="test_root_endpoint" time="0.320" /><testcase classname="backend.tests.test_gocast_api.TestTalentRegistration" name="test_register_talent_success" time="0.156" /><testcase classname="backend.tests.test_gocast_api.TestTalentRegistration" name="test_register_talent_without_terms_fails" time="0.103" /><testcase classname="backend.tests.test_gocast_api.TestTalentRegistration" name="test_register_duplicate_email_fails" time="0.230" /><testcase classname="backend.tests.test_gocast_api.TestProducerRegistration" name="test_register_producer_success" time="0.149" /><testcase classname="backend.tests.test_gocast_api.TestProducerRegistration" name="test_register_invalid_user_type_fails" time="0.112" /><testcase classname="backend.tests.test_gocast_api.TestLogin" name="test_talent_login_success" time="0.385" /><testcase classname="backend.tests.test_gocast_api.TestLogin" name="test_producer_login_success" time="0.347" /><testcase classname="backend.tests.test_gocast_api.TestLogin" name="test_login_wrong_password_fails" time="0.323" /><testcase classname="backend.tests.test_gocast_api.TestLogin" name="test_login_nonexistent_email_fails" time="0.283" /><testcase classname="backend.tests.test_gocast_api.TestCastingCreation" name="test_create_casting_with_multiple_roles" time="0.543" /><testcase classname="backend.tests.test_gocast_api.TestCastingCreation" name="test_talent_cannot_create_casting" time="0.525" /><testcase classname="backend.tests.test_gocast_api.TestCastingCreation" name="test_get_castings_list" time="0.619"><failure message="assert 520 == 200&#10; +  where 520 = &lt;Response [520]&gt;.status_code">backend/tests/test_gocast_api.py:310: in test_get_castings_list
    assert response.status_code == 200
E   assert 520 == 200
E    +  where 520 = &lt;Response [520]&gt;.status_code</failure></testcase><testcase classname="backend.tests.test_gocast_api.TestCastingCreation" name="test_get_casting_details" time="0.623" /><testcase classname="backend.tests.test_gocast_api.TestTalentProfile" name="test_create_talent_profile" time="0.379" /><testcase classname="backend.tests.test_gocast_api.TestTalentProfile" name="test_get_talent_profile" time="0.400" /><testcase classname="backend.tests.test_gocast_api.TestTalentProfile" name="test_update_talent_profile" time="0.398" /><testcase classname="backend.tests.test_gocast_api.TestInvitations" name="test_producer_can_send_invitation" time="0.678" /><testcase classname="backend.tests.test_gocast_api.TestInvitations" name="test_talent_can_see_invitations" time="0.580"><failure message="AssertionError: Expected 200, got 422: {&quot;detail&quot;:[{&quot;type&quot;:&quot;string_type&quot;,&quot;loc&quot;:[&quot;body&quot;,&quot;talento_id&quot;],&quot;msg&quot;:&quot;Input should be a valid string&quot;,&quot;input&quot;:null,&quot;url&quot;:&quot;https://errors.pydantic.dev/2.12/v/string_type&quot;}]}&#10;assert 422 == 200&#10; +  where 422 = &lt;Response [422]&gt;.status_code">backend/tests/test_gocast_api.py:527: in test_talent_can_see_invitations
    self.test_producer_can_send_invitation()
backend/tests/test_gocast_api.py:515: in test_producer_can_send_invitation
    assert response.status_code == 200, f"Expected 200, got {response.status_code}: {response.text}"
E   AssertionError: Expected 200, got 422: {"detail":[{"type":"string_type","loc":["body","talento_id"],"msg":"Input should be a valid string","input":null,"url":"https://errors.pydantic.dev/2.12/v/string_type"}]}
E   assert 422 == 200
E    +  where 422 = &lt;Response [422]&gt;.status_code</failure></testcase><testcase classname="backend.tests.test_gocast_api.TestTalentSearch" name="test_producer_can_search_talents" time="0.616" /><testcase classname="backend.tests.test_gocast_api.TestRecommendedCastings" name="test_talent_can_get_recommended_castings" time="0.415" /></testsuite></testsuites>